Arguments: 
  /Users/chriswhong/.nvm/versions/node/v12.1.0/bin/node /Users/chriswhong/.yarn/bin/yarn.js add xsv

PATH: 
  /Users/chriswhong/opt/anaconda3/bin:/Users/chriswhong/opt/anaconda3/condabin:/Users/chriswhong/.yarn/bin:/Users/chriswhong/.config/yarn/global/node_modules/.bin:/Users/chriswhong/google-cloud-sdk/bin:/Users/chriswhong/.nvm/versions/node/v12.1.0/bin:/usr/local/bin:/usr/bin:/bin:/usr/sbin:/sbin:/usr/local/go/bin:/Applications/qri

Yarn version: 
  1.21.1

Node version: 
  12.1.0

Platform: 
  darwin x64

Trace: 
  Error: https://registry.yarnpkg.com/xsv: Not found
      at Request.params.callback [as _callback] (/Users/chriswhong/.yarn/lib/cli.js:66947:18)
      at Request.self.callback (/Users/chriswhong/.yarn/lib/cli.js:140665:22)
      at Request.emit (events.js:196:13)
      at Request.<anonymous> (/Users/chriswhong/.yarn/lib/cli.js:141637:10)
      at Request.emit (events.js:196:13)
      at IncomingMessage.<anonymous> (/Users/chriswhong/.yarn/lib/cli.js:141559:12)
      at Object.onceWrapper (events.js:284:20)
      at IncomingMessage.emit (events.js:201:15)
      at endReadableNT (_stream_readable.js:1130:12)
      at processTicksAndRejections (internal/process/task_queues.js:84:17)

npm manifest: 
  {
    "name": "nyc-traffic-speeds",
    "version": "1.0.0",
    "main": "index.js",
    "license": "MIT",
    "dependencies": {
      "tsv": "^0.2.0"
    }
  }

yarn manifest: 
  No manifest

Lockfile: 
  # THIS IS AN AUTOGENERATED FILE. DO NOT EDIT THIS FILE DIRECTLY.
  # yarn lockfile v1
  
  
  tsv@^0.2.0:
    version "0.2.0"
    resolved "https://registry.yarnpkg.com/tsv/-/tsv-0.2.0.tgz#92869a3cb5f50332f3dc90fca82be667db6f72d6"
    integrity sha1-koaaPLX1AzLz3JD8qCvmZ9tvctY=
